<?xml version="1.0" encoding="UTF-8"?>
<!-- Generated by org.testng.reporters.JUnitReportReporter -->
<testsuite hostname="Krishna" failures="0" tests="3" name="testNG.TestNG1_46" time="0.014" errors="0" timestamp="2025-01-11T21:58:31 IST" skipped="0">
  <testcase classname="testNG.TestNG1_46" name="A1" time="0.011"/>
  <system-out/>
  <testcase classname="testNG.TestNG1_46" name="a2" time="0.001"/>
  <system-out/>
  <testcase classname="testNG.TestNG1_46" name="a1" time="0.002"/>
  <system-out/>
</testsuite> <!-- testNG.TestNG1_46 -->
