<?xml version="1.0" encoding="UTF-8"?>
<!-- Generated by org.testng.reporters.JUnitReportReporter -->
<testsuite hostname="Krishna" failures="0" tests="3" name="testNG.TestNG8_48" time="25.584" errors="0" timestamp="2025-01-14T22:11:48 IST" skipped="0">
  <testcase classname="testNG.TestNG8_48" name="enterdata" time="8.479"/>
  <system-out/>
  <testcase classname="testNG.TestNG8_48" name="enterdata" time="8.448"/>
  <system-out/>
  <testcase classname="testNG.TestNG8_48" name="enterdata" time="8.657"/>
  <system-out/>
</testsuite> <!-- testNG.TestNG8_48 -->
