<?xml version="1.0" encoding="UTF-8"?>
<!-- Generated by org.testng.reporters.JUnitReportReporter -->
<testsuite hostname="Krishna" failures="0" tests="6" name="testNG.TestNG5_47" time="0.029" errors="0" timestamp="2025-01-14T21:44:33 IST" skipped="0">
  <testcase classname="testNG.TestNG5_47" name="a" time="0.020"/>
  <system-out/>
  <testcase classname="testNG.TestNG5_47" name="e" time="0.003"/>
  <system-out/>
  <testcase classname="testNG.TestNG5_47" name="d" time="0.002"/>
  <system-out/>
  <testcase classname="testNG.TestNG5_47" name="c" time="0.002"/>
  <system-out/>
  <testcase classname="testNG.TestNG5_47" name="f" time="0.001"/>
  <system-out/>
  <testcase classname="testNG.TestNG5_47" name="b" time="0.001"/>
  <system-out/>
</testsuite> <!-- testNG.TestNG5_47 -->
