<?xml version="1.0" encoding="UTF-8"?>
<!-- Generated by org.testng.reporters.JUnitReportReporter -->
<testsuite hostname="Krishna" failures="0" tests="3" name="testNG.TestNG2_46" time="0.016" errors="0" timestamp="2025-01-14T19:20:49 IST" skipped="0">
  <testcase classname="testNG.TestNG2_46" name="Z1" time="0.011"/>
  <system-out/>
  <testcase classname="testNG.TestNG2_46" name="z2" time="0.003"/>
  <system-out/>
  <testcase classname="testNG.TestNG2_46" name="z1" time="0.002"/>
  <system-out/>
</testsuite> <!-- testNG.TestNG2_46 -->
