<?xml version="1.0" encoding="UTF-8"?>
<!-- Generated by org.testng.reporters.JUnitReportReporter -->
<testsuite hostname="Krishna" failures="0" tests="4" name="testNG.TestNG6_47" time="0.018" errors="0" timestamp="2025-01-14T21:50:03 IST" skipped="1">
  <testcase classname="testNG.TestNG6_47" name="a" time="0.015"/>
  <system-out/>
  <testcase classname="testNG.TestNG6_47" name="c" time="0.002"/>
  <system-out/>
  <testcase classname="testNG.TestNG6_47" name="c" time="0.001"/>
  <system-out/>
  <testcase classname="testNG.TestNG6_47" name="b">
    <skipped/>
  </testcase> <!-- b -->
  <system-out/>
</testsuite> <!-- testNG.TestNG6_47 -->
