<?xml version="1.0" encoding="UTF-8"?>
<!-- Generated by org.testng.reporters.JUnitReportReporter -->
<testsuite hostname="Krishna" failures="0" tests="5" name="testNG.TestNG4_47" time="0.021" errors="0" timestamp="2025-01-14T19:53:45 IST" skipped="2">
  <testcase classname="testNG.TestNG4_47" name="d" time="0.002"/>
  <system-out/>
  <testcase classname="testNG.TestNG4_47" name="f" time="0.003">
    <skipped/>
  </testcase> <!-- f -->
  <system-out/>
  <testcase classname="testNG.TestNG4_47" name="c" time="0.015"/>
  <system-out/>
  <testcase classname="testNG.TestNG4_47" name="d" time="0.001"/>
  <system-out/>
  <testcase classname="testNG.TestNG4_47" name="b">
    <skipped/>
  </testcase> <!-- b -->
  <system-out/>
</testsuite> <!-- testNG.TestNG4_47 -->
