<?xml version="1.0" encoding="UTF-8"?>
<!-- Generated by org.testng.reporters.JUnitReportReporter -->
<testsuite hostname="Krishna" failures="0" tests="4" name="testNG.TestNG3_47" time="0.023" errors="0" timestamp="2025-01-14T19:40:54 IST" skipped="0">
  <testcase classname="testNG.TestNG3_47" name="a3" time="0.003"/>
  <system-out/>
  <testcase classname="testNG.TestNG3_47" name="ab" time="0.003"/>
  <system-out/>
  <testcase classname="testNG.TestNG3_47" name="z" time="0.001"/>
  <system-out/>
  <testcase classname="testNG.TestNG3_47" name="a1" time="0.016"/>
  <system-out/>
</testsuite> <!-- testNG.TestNG3_47 -->
