<?xml version="1.0" encoding="UTF-8"?>
<!-- Generated by org.testng.reporters.JUnitReportReporter -->
<testsuite hostname="Bhavanshu" failures="0" tests="1" name="com.facebook.tests.LoginTest" time="13.722" errors="0" timestamp="2025-02-05T20:36:07 IST" skipped="0">
  <testcase classname="com.facebook.tests.LoginTest" name="loginTest" time="13.722"/>
  <system-out/>
</testsuite> <!-- com.facebook.tests.LoginTest -->
