<?xml version="1.0" encoding="UTF-8"?>
<!-- Generated by org.testng.reporters.JUnitReportReporter -->
<testsuite hostname="Bhavanshu" failures="0" tests="1" name="com.facebook.tests.PageFactoryLoginTest" time="0.352" errors="0" timestamp="2025-02-05T21:28:56 IST" skipped="0">
  <testcase classname="com.facebook.tests.PageFactoryLoginTest" name="loginTest" time="0.352"/>
  <system-out/>
</testsuite> <!-- com.facebook.tests.PageFactoryLoginTest -->
