<?xml version="1.0" encoding="UTF-8"?>
<!-- Generated by org.testng.reporters.JUnitReportReporter -->
<testsuite hostname="Krishna" failures="0" tests="3" name="com.test.Day4" time="0.004" errors="0" timestamp="2024-03-31T22:18:20 IST" skipped="0">
  <testcase classname="com.test.Day4" name="WebloginHomeLoan" time="0.002"/>
  <system-out/>
  <testcase classname="com.test.Day4" name="LoginAPIHomeLoan" time="0.001"/>
  <system-out/>
  <testcase classname="com.test.Day4" name="MobileloginHomeLoan" time="0.001"/>
  <system-out/>
</testsuite> <!-- com.test.Day4 -->
