<?xml version="1.0" encoding="UTF-8"?>
<!-- Generated by org.testng.reporters.JUnitReportReporter -->
<testsuite hostname="Krishna" failures="0" tests="6" name="com.test.Day3" time="0.017" errors="0" timestamp="2024-03-31T22:18:20 IST" skipped="1">
  <testcase classname="com.test.Day3" name="MobileSignOutCarLoan" time="0.006"/>
  <system-out/>
  <testcase classname="com.test.Day3" name="WebloginCarLoan" time="0.003"/>
  <system-out/>
  <testcase classname="com.test.Day3" name="MobileSignOutCarLoan" time="0.002"/>
  <system-out/>
  <testcase classname="com.test.Day3" name="MobileSignOutCarLoan" time="0.004"/>
  <system-out/>
  <testcase classname="com.test.Day3" name="MobileloginCarLoan" time="0.002"/>
  <system-out/>
  <testcase classname="com.test.Day3" name="MobileSignInCarLoan">
    <skipped/>
  </testcase> <!-- MobileSignInCarLoan -->
  <system-out/>
</testsuite> <!-- com.test.Day3 -->
