<?xml version="1.0" encoding="UTF-8"?>
<!-- Generated by org.testng.reporters.JUnitReportReporter -->
<testsuite hostname="Krishna" failures="0" tests="1" name="com.test.Day2" time="0.002" errors="0" timestamp="2024-03-31T22:18:20 IST" skipped="0">
  <testcase classname="com.test.Day2" name="Test3" time="0.002"/>
  <system-out/>
</testsuite> <!-- com.test.Day2 -->
