<?xml version="1.0" encoding="UTF-8"?>
<!-- Generated by org.testng.reporters.JUnitReportReporter -->
<testsuite hostname="Krishna" failures="0" tests="1" name="com.test1.PS1" time="0.014" errors="0" timestamp="2024-04-10T00:28:07 IST" skipped="0">
  <testcase classname="com.test1.PS1" name="TestRun" time="0.014"/>
  <system-out/>
</testsuite> <!-- com.test1.PS1 -->
